\BOOKMARK [1][-]{section.1}{\376\377\040\034\121\231\127\050\154\263\123\027\136\372\173\121\131\047\133\146\122\115\040\035}{}% 1
\BOOKMARK [1][-]{section.2}{\376\377\127\372\147\054\163\257\130\203\116\313\176\315}{}% 2
\BOOKMARK [2][-]{subsection.2.1}{\376\377\154\024\120\031}{section.2}% 3
\BOOKMARK [2][-]{subsection.2.2}{\376\377\133\277\202\015}{section.2}% 4
\BOOKMARK [2][-]{subsection.2.3}{\376\377\137\353\220\022}{section.2}% 5
\BOOKMARK [2][-]{subsection.2.4}{\376\377\157\241\130\002}{section.2}% 6
\BOOKMARK [2][-]{subsection.2.5}{\376\377\230\337\130\002}{section.2}% 7
\BOOKMARK [2][-]{subsection.2.6}{\376\377\145\131\133\146\151\174}{section.2}% 8
\BOOKMARK [2][-]{subsection.2.7}{\376\377\126\376\116\146\231\206}{section.2}% 9
\BOOKMARK [2][-]{subsection.2.8}{\376\377\124\004\226\142\174\373\151\174}{section.2}% 10
\BOOKMARK [2][-]{subsection.2.9}{\376\377\210\114\145\077\151\174}{section.2}% 11
\BOOKMARK [1][-]{section.3}{\376\377\121\145\133\146\211\304\122\022}{}% 12
\BOOKMARK [2][-]{subsection.3.1}{\376\377\151\202\121\265}{section.3}% 13
\BOOKMARK [2][-]{subsection.3.2}{\376\377\133\146\150\041\124\004\176\304\176\307\166\204\127\372\147\054\140\305\121\265}{section.3}% 14
\BOOKMARK [2][-]{subsection.3.3}{\376\377\131\047\133\146\123\357\116\345\120\132\116\300\116\110}{section.3}% 15
\BOOKMARK [1][-]{section.4}{\376\377\145\260\165\037\177\244\136\070\211\301\225\356\230\230\211\343\173\124}{}% 16
\BOOKMARK [1][-]{section.5}{\376\377\226\104\137\125}{}% 17
\BOOKMARK [2][-]{subsection.5.1}{\376\377\124\004\116\023\116\032\166\204\133\371\136\224\226\142\174\373}{section.5}% 18
\BOOKMARK [2][-]{subsection.5.2}{\376\377\150\041\126\355\127\060\126\376}{section.5}% 19
\BOOKMARK [2][-]{subsection.5.3}{\376\377\162\151\124\301\144\072\136\046}{section.5}% 20
\BOOKMARK [2][-]{subsection.5.4}{\376\377\123\302\116\016\147\054\145\207\150\143\136\372\213\276}{section.5}% 21
\BOOKMARK [1][-]{section.6}{\376\377\147\054\143\007\123\127\166\204\116\073\211\201\215\041\163\056}{}% 22
